Build started 4/5/2017 10:17:34 PM.
     1>Project "C:\Users\sydia\Desktop\CMPUT398---Lab-10\OpenCL\OpenCL.vcxproj" on node 2 (Build target(s)).
     1>ClCompile:
         C:\Program Files (x86)\Microsoft Visual Studio 12.0\VC\bin\x86_amd64\CL.exe /c /I"C:\Program Files\NVIDIA GPU Computing Toolkit\CUDA\v7.5\include" /I"C:\Users\sydia\Desktop\CMPUT398---Lab-10\libwb\include" /Zi /nologo /W3 /WX- /sdl /Od /D LAB_DEBUG /D _MBCS /Gm /EHsc /RTC1 /MDd /GS /fp:precise /Zc:wchar_t /Zc:forScope /Fo"Debug\\" /Fd"Debug\vc120.pdb" /Gd /TP /errorReport:prompt main.cpp
         main.cpp
       Link:
         C:\Program Files (x86)\Microsoft Visual Studio 12.0\VC\bin\x86_amd64\link.exe /ERRORREPORT:PROMPT /OUT:"C:\Users\sydia\Desktop\CMPUT398---Lab-10\Debug\OpenCL.exe" /INCREMENTAL /NOLOGO /LIBPATH:"C:\Program Files\NVIDIA GPU Computing Toolkit\CUDA\v7.5\lib\x64" /LIBPATH:"C:\Users\sydia\Desktop\CMPUT398---Lab-10\libwb\lib\Debug" OpenCL.lib wb.lib kernel32.lib user32.lib gdi32.lib winspool.lib comdlg32.lib advapi32.lib shell32.lib ole32.lib oleaut32.lib uuid.lib odbc32.lib odbccp32.lib /MANIFEST /MANIFESTUAC:"level='asInvoker' uiAccess='false'" /manifest:embed /DEBUG /PDB:"C:\Users\sydia\Desktop\CMPUT398---Lab-10\Debug\OpenCL.pdb" /TLBID:1 /DYNAMICBASE /NXCOMPAT /IMPLIB:"C:\Users\sydia\Desktop\CMPUT398---Lab-10\Debug\OpenCL.lib" /MACHINE:X64 Debug\main.obj
     1>wb.lib(wbArg.obj) : warning LNK4099: PDB 'vc120.pdb' was not found with 'wb.lib(wbArg.obj)' or at 'C:\Users\sydia\Desktop\CMPUT398---Lab-10\Debug\vc120.pdb'; linking object as if no debug info
     1>wb.lib(wbExit.obj) : warning LNK4099: PDB 'vc120.pdb' was not found with 'wb.lib(wbExit.obj)' or at 'C:\Users\sydia\Desktop\CMPUT398---Lab-10\Debug\vc120.pdb'; linking object as if no debug info
     1>wb.lib(wbExport.obj) : warning LNK4099: PDB 'vc120.pdb' was not found with 'wb.lib(wbExport.obj)' or at 'C:\Users\sydia\Desktop\CMPUT398---Lab-10\Debug\vc120.pdb'; linking object as if no debug info
     1>wb.lib(wbFile.obj) : warning LNK4099: PDB 'vc120.pdb' was not found with 'wb.lib(wbFile.obj)' or at 'C:\Users\sydia\Desktop\CMPUT398---Lab-10\Debug\vc120.pdb'; linking object as if no debug info
     1>wb.lib(wbImage.obj) : warning LNK4099: PDB 'vc120.pdb' was not found with 'wb.lib(wbImage.obj)' or at 'C:\Users\sydia\Desktop\CMPUT398---Lab-10\Debug\vc120.pdb'; linking object as if no debug info
     1>wb.lib(wbImport.obj) : warning LNK4099: PDB 'vc120.pdb' was not found with 'wb.lib(wbImport.obj)' or at 'C:\Users\sydia\Desktop\CMPUT398---Lab-10\Debug\vc120.pdb'; linking object as if no debug info
     1>wb.lib(wbInit.obj) : warning LNK4099: PDB 'vc120.pdb' was not found with 'wb.lib(wbInit.obj)' or at 'C:\Users\sydia\Desktop\CMPUT398---Lab-10\Debug\vc120.pdb'; linking object as if no debug info
     1>wb.lib(wbLogger.obj) : warning LNK4099: PDB 'vc120.pdb' was not found with 'wb.lib(wbLogger.obj)' or at 'C:\Users\sydia\Desktop\CMPUT398---Lab-10\Debug\vc120.pdb'; linking object as if no debug info
     1>wb.lib(wbPPM.obj) : warning LNK4099: PDB 'vc120.pdb' was not found with 'wb.lib(wbPPM.obj)' or at 'C:\Users\sydia\Desktop\CMPUT398---Lab-10\Debug\vc120.pdb'; linking object as if no debug info
     1>wb.lib(wbSolution.obj) : warning LNK4099: PDB 'vc120.pdb' was not found with 'wb.lib(wbSolution.obj)' or at 'C:\Users\sydia\Desktop\CMPUT398---Lab-10\Debug\vc120.pdb'; linking object as if no debug info
     1>wb.lib(wbTimer.obj) : warning LNK4099: PDB 'vc120.pdb' was not found with 'wb.lib(wbTimer.obj)' or at 'C:\Users\sydia\Desktop\CMPUT398---Lab-10\Debug\vc120.pdb'; linking object as if no debug info
     1>wb.lib(json11.obj) : warning LNK4099: PDB 'vc120.pdb' was not found with 'wb.lib(json11.obj)' or at 'C:\Users\sydia\Desktop\CMPUT398---Lab-10\Debug\vc120.pdb'; linking object as if no debug info
         OpenCL.vcxproj -> C:\Users\sydia\Desktop\CMPUT398---Lab-10\Debug\OpenCL.exe
     1>Done Building Project "C:\Users\sydia\Desktop\CMPUT398---Lab-10\OpenCL\OpenCL.vcxproj" (Build target(s)).

Build succeeded.

Time Elapsed 00:00:01.10
